Arguments: 
  /usr/local/bin/node /usr/local/Cellar/yarn/1.7.0/libexec/bin/yarn.js add @types/miniprogram-api-promise

PATH: 
  /Library/Java/JavaVirtualMachines/jdk-11.0.3.jdk/Contents/Home/bin:/Users/eric/development/flutter/bin:/usr/local/bin:/usr/bin:/bin:/usr/sbin:/sbin:/Library/Java/JavaVirtualMachines/jdk-11.0.3.jdk/Contents/Home/bin:/Users/eric/development/flutter/bin:/usr/local/mysql/bin:.:/usr/local/mysql/bin:.

Yarn version: 
  1.7.0

Node version: 
  12.13.1

Platform: 
  darwin x64

Trace: 
  Error: https://registry.npmjs.org/@types%2fminiprogram-api-promise: Not found
      at Request.params.callback [as _callback] (/usr/local/Cellar/yarn/1.7.0/libexec/lib/cli.js:65656:18)
      at Request.self.callback (/usr/local/Cellar/yarn/1.7.0/libexec/lib/cli.js:134675:22)
      at Request.emit (events.js:210:5)
      at Request.<anonymous> (/usr/local/Cellar/yarn/1.7.0/libexec/lib/cli.js:135658:10)
      at Request.emit (events.js:210:5)
      at IncomingMessage.<anonymous> (/usr/local/Cellar/yarn/1.7.0/libexec/lib/cli.js:135578:12)
      at Object.onceWrapper (events.js:299:28)
      at IncomingMessage.emit (events.js:215:7)
      at endReadableNT (_stream_readable.js:1184:12)
      at processTicksAndRejections (internal/process/task_queues.js:80:21)

npm manifest: 
  {
    "name": "miniprogram-ts-quickstart",
    "version": "1.0.0",
    "description": "",
    "scripts": {
      "compile": "./node_modules/typescript/bin/tsc",
      "tsc": "node ./node_modules/typescript/lib/tsc.js"
    },
    "keywords": [],
    "author": "",
    "license": "",
    "dependencies": {
      "weui-miniprogram": "^0.2.1"
    },
    "devDependencies": {
      "miniprogram-api-typings": "^2.8.3-1",
      "typescript": "^3.3.3333"
    }
  }

yarn manifest: 
  No manifest

Lockfile: 
  # THIS IS AN AUTOGENERATED FILE. DO NOT EDIT THIS FILE DIRECTLY.
  # yarn lockfile v1
  
  
  miniprogram-api-typings@^2.8.3-1:
    version "2.10.2"
    resolved "https://registry.yarnpkg.com/miniprogram-api-typings/-/miniprogram-api-typings-2.10.2.tgz#a94995fd8c167b58dcc45bee46e600f543563ec2"
  
  typescript@^3.3.3333:
    version "3.8.3"
    resolved "https://registry.yarnpkg.com/typescript/-/typescript-3.8.3.tgz#409eb8544ea0335711205869ec458ab109ee1061"
  
  weui-miniprogram@^0.2.1:
    version "0.2.1"
    resolved "https://registry.yarnpkg.com/weui-miniprogram/-/weui-miniprogram-0.2.1.tgz#419c09d3c0043854cbdcdd411727bbea814cdf48"
